<?xml version="1.0" encoding="UTF-8"?>
<!-- Generated by org.testng.reporters.JUnitReportReporter -->
<testsuite hostname="LAPTOP-OSSH23AN" failures="0" tests="4" name="api.test.UserTests2" time="8.618" errors="0" timestamp="2025-06-04T11:50:53 IST" skipped="0">
  <testcase classname="api.test.UserTests2" name="testPostUser" time="3.873"/>
  <testcase classname="api.test.UserTests2" name="testGetUserByName" time="1.189"/>
  <testcase classname="api.test.UserTests2" name="testUpdateUserByName" time="2.407"/>
  <testcase classname="api.test.UserTests2" name="testDeleteUserByName" time="1.149"/>
</testsuite> <!-- api.test.UserTests2 -->
